# JRE version: Java(TM) SE Runtime Environment (17.0.12+8) (build 17.0.12+8-LTS-286)
# Java VM: Java HotSpot(TM) 64-Bit Server VM (17.0.12+8-LTS-286, mixed mode, sharing, tiered, compressed oops, compressed class ptrs, g1 gc, windows-amd64)
GC Precious Log:
 CPUs: 8 total, 8 available
 Memory: 3946M
 Large Page Support: Disabled
 NUMA Support: Disabled
 Compressed Oops: Enabled (Zero based)
 Heap Region Size: 4M
 Heap Min Capacity: 8M
 Heap Initial Capacity: 64M
 Heap Max Capacity: 4536M
 Pre-touch: Disabled
 Parallel Workers: 8
 Concurrent Workers: 2
 Concurrent Refinement Workers: 8
 Periodic GC: Disabled
Heap:
 garbage-first heap   total 1040384K, used 513372K [0x00000006e4800000, 0x0000000800000000)
  region size 4096K, 4 young (16384K), 4 survivors (16384K)
 Metaspace       used 136771K, committed 137856K, reserved 1179648K
  class space    used 17983K, committed 18560K, reserved 1048576K
GC Heap History (20 events):
Event: 573.658 GC heap after
{Heap after GC invocations=65 (full 0):
 garbage-first heap   total 1040384K, used 493260K [0x00000006e4800000, 0x0000000800000000)
  region size 4096K, 4 young (16384K), 4 survivors (16384K)
 Metaspace       used 116166K, committed 117120K, reserved 1179648K
  class space    used 15377K, committed 15872K, reserved 1048576K
}
Event: 582.965 GC heap before
{Heap before GC invocations=65 (full 0):
 garbage-first heap   total 1040384K, used 943820K [0x00000006e4800000, 0x0000000800000000)
  region size 4096K, 86 young (352256K), 4 survivors (16384K)
 Metaspace       used 121245K, committed 122176K, reserved 1179648K
  class space    used 16012K, committed 16512K, reserved 1048576K
}
Event: 583.153 GC heap after
{Heap after GC invocations=66 (full 0):
 garbage-first heap   total 1040384K, used 473524K [0x00000006e4800000, 0x0000000800000000)
  region size 4096K, 6 young (24576K), 6 survivors (24576K)
 Metaspace       used 121245K, committed 122176K, reserved 1179648K
  class space    used 16012K, committed 16512K, reserved 1048576K
}
Event: 584.736 GC heap before
{Heap before GC invocations=66 (full 0):
 garbage-first heap   total 1040384K, used 706996K [0x00000006e4800000, 0x0000000800000000)
  region size 4096K, 63 young (258048K), 6 survivors (24576K)
 Metaspace       used 122481K, committed 123456K, reserved 1179648K
  class space    used 16205K, committed 16704K, reserved 1048576K
}
Event: 585.028 GC heap after
{Heap after GC invocations=67 (full 0):
 garbage-first heap   total 1040384K, used 470870K [0x00000006e4800000, 0x0000000800000000)
  region size 4096K, 3 young (12288K), 3 survivors (12288K)
 Metaspace       used 122481K, committed 123456K, reserved 1179648K
  class space    used 16205K, committed 16704K, reserved 1048576K
}
Event: 590.960 GC heap before
{Heap before GC invocations=67 (full 0):
 garbage-first heap   total 1040384K, used 900950K [0x00000006e4800000, 0x0000000800000000)
  region size 4096K, 109 young (446464K), 3 survivors (12288K)
 Metaspace       used 132035K, committed 133056K, reserved 1179648K
  class space    used 17421K, committed 17920K, reserved 1048576K
}
Event: 591.243 GC heap after
{Heap after GC invocations=68 (full 0):
 garbage-first heap   total 1040384K, used 467408K [0x00000006e4800000, 0x0000000800000000)
  region size 4096K, 3 young (12288K), 3 survivors (12288K)
 Metaspace       used 132035K, committed 133056K, reserved 1179648K
  class space    used 17421K, committed 17920K, reserved 1048576K
}
Event: 597.960 GC heap before
{Heap before GC invocations=68 (full 0):
 garbage-first heap   total 1040384K, used 725456K [0x00000006e4800000, 0x0000000800000000)
  region size 4096K, 66 young (270336K), 3 survivors (12288K)
 Metaspace       used 135433K, committed 136512K, reserved 1179648K
  class space    used 17863K, committed 18432K, reserved 1048576K
}
Event: 597.979 GC heap after
{Heap after GC invocations=69 (full 0):
 garbage-first heap   total 1040384K, used 464503K [0x00000006e4800000, 0x0000000800000000)
  region size 4096K, 2 young (8192K), 2 survivors (8192K)
 Metaspace       used 135433K, committed 136512K, reserved 1179648K
  class space    used 17863K, committed 18432K, reserved 1048576K
}
Event: 602.218 GC heap before
{Heap before GC invocations=69 (full 0):
 garbage-first heap   total 1040384K, used 906871K [0x00000006e4800000, 0x0000000800000000)
  region size 4096K, 111 young (454656K), 2 survivors (8192K)
 Metaspace       used 136399K, committed 137472K, reserved 1179648K
  class space    used 17958K, committed 18496K, reserved 1048576K
}
Event: 602.642 GC heap after
{Heap after GC invocations=70 (full 0):
 garbage-first heap   total 1040384K, used 479092K [0x00000006e4800000, 0x0000000800000000)
  region size 4096K, 5 young (20480K), 5 survivors (20480K)
 Metaspace       used 136399K, committed 137472K, reserved 1179648K
  class space    used 17958K, committed 18496K, reserved 1048576K
}
Event: 602.817 GC heap before
{Heap before GC invocations=70 (full 0):
 garbage-first heap   total 1040384K, used 507764K [0x00000006e4800000, 0x0000000800000000)
  region size 4096K, 12 young (49152K), 5 survivors (20480K)
 Metaspace       used 136478K, committed 137536K, reserved 1179648K
  class space    used 17958K, committed 18496K, reserved 1048576K
}
Event: 602.991 GC heap after
{Heap after GC invocations=71 (full 0):
 garbage-first heap   total 1040384K, used 480156K [0x00000006e4800000, 0x0000000800000000)
  region size 4096K, 1 young (4096K), 1 survivors (4096K)
 Metaspace       used 136478K, committed 137536K, reserved 1179648K
  class space    used 17958K, committed 18496K, reserved 1048576K
}
Event: 604.823 GC heap before
{Heap before GC invocations=71 (full 0):
 garbage-first heap   total 1040384K, used 770972K [0x00000006e4800000, 0x0000000800000000)
  region size 4096K, 73 young (299008K), 1 survivors (4096K)
 Metaspace       used 136590K, committed 137728K, reserved 1179648K
  class space    used 17966K, committed 18560K, reserved 1048576K
}
Event: 604.844 GC heap after
{Heap after GC invocations=72 (full 0):
 garbage-first heap   total 1040384K, used 491306K [0x00000006e4800000, 0x0000000800000000)
  region size 4096K, 4 young (16384K), 4 survivors (16384K)
 Metaspace       used 136590K, committed 137728K, reserved 1179648K
  class space    used 17966K, committed 18560K, reserved 1048576K
}
Event: 605.162 GC heap before
{Heap before GC invocations=72 (full 0):
 garbage-first heap   total 1040384K, used 622378K [0x00000006e4800000, 0x0000000800000000)
  region size 4096K, 37 young (151552K), 4 survivors (16384K)
 Metaspace       used 136677K, committed 137792K, reserved 1179648K
  class space    used 17979K, committed 18560K, reserved 1048576K
}
Event: 605.350 GC heap after
{Heap after GC invocations=73 (full 0):
 garbage-first heap   total 1040384K, used 502644K [0x00000006e4800000, 0x0000000800000000)
  region size 4096K, 3 young (12288K), 3 survivors (12288K)
 Metaspace       used 136677K, committed 137792K, reserved 1179648K
  class space    used 17979K, committed 18560K, reserved 1048576K
}
Event: 605.696 GC heap before
{Heap before GC invocations=73 (full 0):
 garbage-first heap   total 1040384K, used 658292K [0x00000006e4800000, 0x0000000800000000)
  region size 4096K, 41 young (167936K), 3 survivors (12288K)
 Metaspace       used 136725K, committed 137856K, reserved 1179648K
  class space    used 17979K, committed 18560K, reserved 1048576K
}
Event: 605.730 GC heap after
{Heap after GC invocations=74 (full 0):
 garbage-first heap   total 1040384K, used 509797K [0x00000006e4800000, 0x0000000800000000)
  region size 4096K, 5 young (20480K), 5 survivors (20480K)
 Metaspace       used 136725K, committed 137856K, reserved 1179648K
  class space    used 17979K, committed 18560K, reserved 1048576K
}
Event: 606.228 GC heap before
{Heap before GC invocations=74 (full 0):
 garbage-first heap   total 1040384K, used 665445K [0x00000006e4800000, 0x0000000800000000)
  region size 4096K, 43 young (176128K), 5 survivors (20480K)
 Metaspace       used 136771K, committed 137856K, reserved 1179648K
  class space    used 17983K, committed 18560K, reserved 1048576K
}

