# JRE version: Java(TM) SE Runtime Environment (17.0.12+8) (build 17.0.12+8-LTS-286)
# Java VM: Java HotSpot(TM) 64-Bit Server VM (17.0.12+8-LTS-286, mixed mode, sharing, tiered, compressed oops, compressed class ptrs, g1 gc, windows-amd64)
GC Precious Log:
 CPUs: 8 total, 8 available
 Memory: 3946M
 Large Page Support: Disabled
 NUMA Support: Disabled
 Compressed Oops: Enabled (Zero based)
 Heap Region Size: 4M
 Heap Min Capacity: 8M
 Heap Initial Capacity: 64M
 Heap Max Capacity: 4536M
 Pre-touch: Disabled
 Parallel Workers: 8
 Concurrent Workers: 2
 Concurrent Refinement Workers: 8
 Periodic GC: Disabled
Heap:
 garbage-first heap   total 1163264K, used 213672K [0x00000006e4800000, 0x0000000800000000)
  region size 4096K, 5 young (20480K), 5 survivors (20480K)
 Metaspace       used 121290K, committed 122112K, reserved 1179648K
  class space    used 16952K, committed 17344K, reserved 1048576K
GC Heap History (20 events):
Event: 40.674 GC heap after
{Heap after GC invocations=63 (full 0):
 garbage-first heap   total 237568K, used 120260K [0x00000006e4800000, 0x0000000800000000)
  region size 4096K, 2 young (8192K), 2 survivors (8192K)
 Metaspace       used 101273K, committed 102016K, reserved 1179648K
  class space    used 13896K, committed 14272K, reserved 1048576K
}
Event: 41.503 GC heap before
{Heap before GC invocations=63 (full 0):
 garbage-first heap   total 237568K, used 189892K [0x00000006e4800000, 0x0000000800000000)
  region size 4096K, 20 young (81920K), 2 survivors (8192K)
 Metaspace       used 101274K, committed 102016K, reserved 1179648K
  class space    used 13896K, committed 14272K, reserved 1048576K
}
Event: 41.517 GC heap after
{Heap after GC invocations=64 (full 0):
 garbage-first heap   total 516096K, used 123305K [0x00000006e4800000, 0x0000000800000000)
  region size 4096K, 2 young (8192K), 2 survivors (8192K)
 Metaspace       used 101274K, committed 102016K, reserved 1179648K
  class space    used 13896K, committed 14272K, reserved 1048576K
}
Event: 47.884 GC heap before
{Heap before GC invocations=65 (full 0):
 garbage-first heap   total 516096K, used 422313K [0x00000006e4800000, 0x0000000800000000)
  region size 4096K, 75 young (307200K), 2 survivors (8192K)
 Metaspace       used 106667K, committed 107456K, reserved 1179648K
  class space    used 14732K, committed 15104K, reserved 1048576K
}
Event: 47.960 GC heap after
{Heap after GC invocations=66 (full 0):
 garbage-first heap   total 516096K, used 129883K [0x00000006e4800000, 0x0000000800000000)
  region size 4096K, 4 young (16384K), 4 survivors (16384K)
 Metaspace       used 106667K, committed 107456K, reserved 1179648K
  class space    used 14732K, committed 15104K, reserved 1048576K
}
Event: 50.872 GC heap before
{Heap before GC invocations=66 (full 0):
 garbage-first heap   total 516096K, used 416603K [0x00000006e4800000, 0x0000000800000000)
  region size 4096K, 75 young (307200K), 4 survivors (16384K)
 Metaspace       used 118661K, committed 119552K, reserved 1179648K
  class space    used 16721K, committed 17152K, reserved 1048576K
}
Event: 51.401 GC heap after
{Heap after GC invocations=67 (full 0):
 garbage-first heap   total 516096K, used 162909K [0x00000006e4800000, 0x0000000800000000)
  region size 4096K, 10 young (40960K), 10 survivors (40960K)
 Metaspace       used 118661K, committed 119552K, reserved 1179648K
  class space    used 16721K, committed 17152K, reserved 1048576K
}
Event: 51.775 GC heap before
{Heap before GC invocations=67 (full 0):
 garbage-first heap   total 516096K, used 244829K [0x00000006e4800000, 0x0000000800000000)
  region size 4096K, 30 young (122880K), 10 survivors (40960K)
 Metaspace       used 118893K, committed 119744K, reserved 1179648K
  class space    used 16751K, committed 17152K, reserved 1048576K
}
Event: 52.026 GC heap after
{Heap after GC invocations=68 (full 0):
 garbage-first heap   total 516096K, used 173490K [0x00000006e4800000, 0x0000000800000000)
  region size 4096K, 4 young (16384K), 4 survivors (16384K)
 Metaspace       used 118893K, committed 119744K, reserved 1179648K
  class space    used 16751K, committed 17152K, reserved 1048576K
}
Event: 53.097 GC heap before
{Heap before GC invocations=68 (full 0):
 garbage-first heap   total 516096K, used 292274K [0x00000006e4800000, 0x0000000800000000)
  region size 4096K, 33 young (135168K), 4 survivors (16384K)
 Metaspace       used 119641K, committed 120448K, reserved 1179648K
  class space    used 16887K, committed 17280K, reserved 1048576K
}
Event: 53.243 GC heap after
{Heap after GC invocations=69 (full 0):
 garbage-first heap   total 516096K, used 173748K [0x00000006e4800000, 0x0000000800000000)
  region size 4096K, 4 young (16384K), 4 survivors (16384K)
 Metaspace       used 119641K, committed 120448K, reserved 1179648K
  class space    used 16887K, committed 17280K, reserved 1048576K
}
Event: 54.268 GC heap before
{Heap before GC invocations=69 (full 0):
 garbage-first heap   total 516096K, used 325300K [0x00000006e4800000, 0x0000000800000000)
  region size 4096K, 41 young (167936K), 4 survivors (16384K)
 Metaspace       used 120135K, committed 120960K, reserved 1179648K
  class space    used 16919K, committed 17344K, reserved 1048576K
}
Event: 54.358 GC heap after
{Heap after GC invocations=70 (full 0):
 garbage-first heap   total 1163264K, used 174749K [0x00000006e4800000, 0x0000000800000000)
  region size 4096K, 2 young (8192K), 2 survivors (8192K)
 Metaspace       used 120135K, committed 120960K, reserved 1179648K
  class space    used 16919K, committed 17344K, reserved 1048576K
}
Event: 56.983 GC heap before
{Heap before GC invocations=70 (full 0):
 garbage-first heap   total 1163264K, used 596637K [0x00000006e4800000, 0x0000000800000000)
  region size 4096K, 106 young (434176K), 2 survivors (8192K)
 Metaspace       used 120779K, committed 121664K, reserved 1179648K
  class space    used 16934K, committed 17344K, reserved 1048576K
}
Event: 57.214 GC heap after
{Heap after GC invocations=71 (full 0):
 garbage-first heap   total 1163264K, used 198275K [0x00000006e4800000, 0x0000000800000000)
  region size 4096K, 7 young (28672K), 7 survivors (28672K)
 Metaspace       used 120779K, committed 121664K, reserved 1179648K
  class space    used 16934K, committed 17344K, reserved 1048576K
}
Event: 57.978 GC heap before
{Heap before GC invocations=71 (full 0):
 garbage-first heap   total 1163264K, used 333443K [0x00000006e4800000, 0x0000000800000000)
  region size 4096K, 40 young (163840K), 7 survivors (28672K)
 Metaspace       used 120853K, committed 121728K, reserved 1179648K
  class space    used 16935K, committed 17344K, reserved 1048576K
}
Event: 58.228 GC heap after
{Heap after GC invocations=72 (full 0):
 garbage-first heap   total 1163264K, used 209997K [0x00000006e4800000, 0x0000000800000000)
  region size 4096K, 4 young (16384K), 4 survivors (16384K)
 Metaspace       used 120853K, committed 121728K, reserved 1179648K
  class space    used 16935K, committed 17344K, reserved 1048576K
}
Event: 59.148 GC heap before
{Heap before GC invocations=72 (full 0):
 garbage-first heap   total 1163264K, used 476237K [0x00000006e4800000, 0x0000000800000000)
  region size 4096K, 69 young (282624K), 4 survivors (16384K)
 Metaspace       used 120985K, committed 121792K, reserved 1179648K
  class space    used 16942K, committed 17344K, reserved 1048576K
}
Event: 59.210 GC heap after
{Heap after GC invocations=73 (full 0):
 garbage-first heap   total 1163264K, used 212070K [0x00000006e4800000, 0x0000000800000000)
  region size 4096K, 5 young (20480K), 5 survivors (20480K)
 Metaspace       used 120985K, committed 121792K, reserved 1179648K
  class space    used 16942K, committed 17344K, reserved 1048576K
}
Event: 60.544 GC heap before
{Heap before GC invocations=73 (full 0):
 garbage-first heap   total 1163264K, used 580710K [0x00000006e4800000, 0x0000000800000000)
  region size 4096K, 95 young (389120K), 5 survivors (20480K)
 Metaspace       used 121290K, committed 122112K, reserved 1179648K
  class space    used 16952K, committed 17344K, reserved 1048576K
}

